0 info it worked if it ends with ok
1 verbose cli [ 'N:\\Program Files\\nodejs\\\\node.exe',
1 verbose cli   'N:\\Program Files\\nodejs\\node_modules\\npm\\bin\\npm-cli.js',
1 verbose cli   'install',
1 verbose cli   'minimist' ]
2 info using npm@2.5.1
3 info using node@v0.12.0
4 verbose node symlink N:\Program Files\nodejs\\node.exe
5 verbose stack Error: Invalid name: "Who Calls the Fleet"
5 verbose stack     at ensureValidName (N:\Program Files\nodejs\node_modules\npm\node_modules\normalize-package-data\lib\fixer.js:322:15)
5 verbose stack     at Object.module.exports.fixNameField (N:\Program Files\nodejs\node_modules\npm\node_modules\normalize-package-data\lib\fixer.js:211:5)
5 verbose stack     at N:\Program Files\nodejs\node_modules\npm\node_modules\normalize-package-data\lib\normalize.js:30:38
5 verbose stack     at Array.forEach (native)
5 verbose stack     at normalize (N:\Program Files\nodejs\node_modules\npm\node_modules\normalize-package-data\lib\normalize.js:29:15)
5 verbose stack     at final (N:\Program Files\nodejs\node_modules\npm\node_modules\read-package-json\read-json.js:342:33)
5 verbose stack     at then (N:\Program Files\nodejs\node_modules\npm\node_modules\read-package-json\read-json.js:126:33)
5 verbose stack     at N:\Program Files\nodejs\node_modules\npm\node_modules\read-package-json\read-json.js:266:40
5 verbose stack     at evalmachine.<anonymous>:336:14
5 verbose stack     at N:\Program Files\nodejs\node_modules\npm\node_modules\graceful-fs\graceful-fs.js:102:5
6 verbose cwd N:\OneDrive\Projects\Apps-nw.js\KCB
7 error Windows_NT 6.3.9600
8 error argv "N:\\Program Files\\nodejs\\\\node.exe" "N:\\Program Files\\nodejs\\node_modules\\npm\\bin\\npm-cli.js" "install" "minimist"
9 error node v0.12.0
10 error npm  v2.5.1
11 error Invalid name: "Who Calls the Fleet"
12 error If you need help, you may report this error at:
12 error     <http://github.com/npm/npm/issues>
13 verbose exit [ 1, true ]
